  Geometry_Wars.cpp
C:\Users\nguye\source\repos\Team-Careless\Geometry_Wars\Geometry_Wars\Enemy.h(4,10): warning C4067: unexpected tokens following preprocessor directive - expected a newline
C:\Users\nguye\source\repos\Team-Careless\Geometry_Wars\Geometry_Wars\Geometry_Wars.cpp(44,13): warning C4244: 'argument': conversion from 'time_t' to 'unsigned int', possible loss of data
C:\Users\nguye\source\repos\Team-Careless\Geometry_Wars\Geometry_Wars\Geometry_Wars.cpp(84,14): warning C4244: 'argument': conversion from 'time_t' to 'unsigned int', possible loss of data
C:\Users\nguye\source\repos\Team-Careless\Geometry_Wars\Geometry_Wars\Geometry_Wars.cpp(111,30): warning C4244: 'argument': conversion from 'float' to 'const _Ty', possible loss of data
          with
          [
              _Ty=int
          ]
C:\Users\nguye\source\repos\Team-Careless\Geometry_Wars\Geometry_Wars\Geometry_Wars.cpp(124,11): warning C4244: 'initializing': conversion from 'float' to 'int', possible loss of data
C:\Users\nguye\source\repos\Team-Careless\Geometry_Wars\Geometry_Wars\Geometry_Wars.cpp(128,75): warning C4244: 'argument': conversion from '_Ty' to 'T', possible loss of data
          with
          [
              _Ty=int
          ]
          and
          [
              T=float
          ]
C:\Users\nguye\source\repos\Team-Careless\Geometry_Wars\Geometry_Wars\Geometry_Wars.cpp(132,60): warning C4244: 'argument': conversion from '_Ty' to 'T', possible loss of data
          with
          [
              _Ty=int
          ]
          and
          [
              T=float
          ]
C:\Users\nguye\source\repos\Team-Careless\Geometry_Wars\Geometry_Wars\Geometry_Wars.cpp(136,76): warning C4244: 'argument': conversion from '_Ty' to 'T', possible loss of data
          with
          [
              _Ty=int
          ]
          and
          [
              T=float
          ]
C:\Users\nguye\source\repos\Team-Careless\Geometry_Wars\Geometry_Wars\Geometry_Wars.cpp(140,60): warning C4244: 'argument': conversion from '_Ty' to 'T', possible loss of data
          with
          [
              _Ty=int
          ]
          and
          [
              T=float
          ]
C:\Users\nguye\source\repos\Team-Careless\Geometry_Wars\Geometry_Wars\Geometry_Wars.cpp(143,33): warning C4244: 'argument': conversion from '_Ty' to 'float', possible loss of data
          with
          [
              _Ty=int
          ]
C:\Users\nguye\source\repos\Team-Careless\Geometry_Wars\Geometry_Wars\Geometry_Wars.cpp(148,33): warning C4244: 'argument': conversion from '_Ty' to 'float', possible loss of data
          with
          [
              _Ty=int
          ]
  Geometry_Wars.vcxproj -> C:\Users\nguye\source\repos\Team-Careless\Geometry_Wars\x64\Debug\Geometry_Wars.exe
